Analysis & Synthesis report for Panel
Mon May 15 10:55:37 2023
Quartus II 64-Bit Version 13.0.1 Build 232 06/12/2013 Service Pack 1 SJ Web Edition


---------------------
; Table of Contents ;
---------------------
  1. Legal Notice
  2. Analysis & Synthesis Summary
  3. Analysis & Synthesis Settings
  4. Parallel Compilation
  5. Analysis & Synthesis Source Files Read
  6. Analysis & Synthesis Resource Usage Summary
  7. Analysis & Synthesis Resource Utilization by Entity
  8. State Machine - |Panel_tester|Panel:p1|lcd_controller:lcd|state
  9. State Machine - |Panel_tester|Panel:p1|UART_RX:uart|r_SM_Main
 10. Registers Removed During Synthesis
 11. Removed Registers Triggering Further Register Optimizations
 12. General Register Statistics
 13. Inverted Register Statistics
 14. Multiplexer Restructuring Statistics (Restructuring Performed)
 15. Parameter Settings for User Entity Instance: Panel:p1|UART_RX:uart
 16. Parameter Settings for User Entity Instance: Panel:p1|lcd_controller:lcd
 17. Elapsed Time Per Partition
 18. Analysis & Synthesis Messages



----------------
; Legal Notice ;
----------------
Copyright (C) 1991-2013 Altera Corporation
Your use of Altera Corporation's design tools, logic functions 
and other software and tools, and its AMPP partner logic 
functions, and any output files from any of the foregoing 
(including device programming or simulation files), and any 
associated documentation or information are expressly subject 
to the terms and conditions of the Altera Program License 
Subscription Agreement, Altera MegaCore Function License 
Agreement, or other applicable license agreement, including, 
without limitation, that your use is for the sole purpose of 
programming logic devices manufactured by Altera and sold by 
Altera or its authorized distributors.  Please refer to the 
applicable agreement for further details.



+--------------------------------------------------------------------------------------+
; Analysis & Synthesis Summary                                                         ;
+------------------------------------+-------------------------------------------------+
; Analysis & Synthesis Status        ; Successful - Mon May 15 10:55:37 2023           ;
; Quartus II 64-Bit Version          ; 13.0.1 Build 232 06/12/2013 SP 1 SJ Web Edition ;
; Revision Name                      ; Panel                                           ;
; Top-level Entity Name              ; Panel_tester                                    ;
; Family                             ; Cyclone II                                      ;
; Total logic elements               ; 263                                             ;
;     Total combinational functions  ; 253                                             ;
;     Dedicated logic registers      ; 86                                              ;
; Total registers                    ; 86                                              ;
; Total pins                         ; 22                                              ;
; Total virtual pins                 ; 0                                               ;
; Total memory bits                  ; 0                                               ;
; Embedded Multiplier 9-bit elements ; 0                                               ;
; Total PLLs                         ; 0                                               ;
+------------------------------------+-------------------------------------------------+


+----------------------------------------------------------------------------------------------------------------------+
; Analysis & Synthesis Settings                                                                                        ;
+----------------------------------------------------------------------------+--------------------+--------------------+
; Option                                                                     ; Setting            ; Default Value      ;
+----------------------------------------------------------------------------+--------------------+--------------------+
; Device                                                                     ; EP2C35F672C6       ;                    ;
; Top-level entity name                                                      ; Panel_tester       ; Panel              ;
; Family name                                                                ; Cyclone II         ; Cyclone IV GX      ;
; Use smart compilation                                                      ; Off                ; Off                ;
; Enable parallel Assembler and TimeQuest Timing Analyzer during compilation ; On                 ; On                 ;
; Enable compact report table                                                ; Off                ; Off                ;
; Restructure Multiplexers                                                   ; Auto               ; Auto               ;
; Create Debugging Nodes for IP Cores                                        ; Off                ; Off                ;
; Preserve fewer node names                                                  ; On                 ; On                 ;
; Disable OpenCore Plus hardware evaluation                                  ; Off                ; Off                ;
; Verilog Version                                                            ; Verilog_2001       ; Verilog_2001       ;
; VHDL Version                                                               ; VHDL_1993          ; VHDL_1993          ;
; State Machine Processing                                                   ; Auto               ; Auto               ;
; Safe State Machine                                                         ; Off                ; Off                ;
; Extract Verilog State Machines                                             ; On                 ; On                 ;
; Extract VHDL State Machines                                                ; On                 ; On                 ;
; Ignore Verilog initial constructs                                          ; Off                ; Off                ;
; Iteration limit for constant Verilog loops                                 ; 5000               ; 5000               ;
; Iteration limit for non-constant Verilog loops                             ; 250                ; 250                ;
; Add Pass-Through Logic to Inferred RAMs                                    ; On                 ; On                 ;
; Infer RAMs from Raw Logic                                                  ; On                 ; On                 ;
; Parallel Synthesis                                                         ; On                 ; On                 ;
; DSP Block Balancing                                                        ; Auto               ; Auto               ;
; NOT Gate Push-Back                                                         ; On                 ; On                 ;
; Power-Up Don't Care                                                        ; On                 ; On                 ;
; Remove Redundant Logic Cells                                               ; Off                ; Off                ;
; Remove Duplicate Registers                                                 ; On                 ; On                 ;
; Ignore CARRY Buffers                                                       ; Off                ; Off                ;
; Ignore CASCADE Buffers                                                     ; Off                ; Off                ;
; Ignore GLOBAL Buffers                                                      ; Off                ; Off                ;
; Ignore ROW GLOBAL Buffers                                                  ; Off                ; Off                ;
; Ignore LCELL Buffers                                                       ; Off                ; Off                ;
; Ignore SOFT Buffers                                                        ; On                 ; On                 ;
; Limit AHDL Integers to 32 Bits                                             ; Off                ; Off                ;
; Optimization Technique                                                     ; Balanced           ; Balanced           ;
; Carry Chain Length                                                         ; 70                 ; 70                 ;
; Auto Carry Chains                                                          ; On                 ; On                 ;
; Auto Open-Drain Pins                                                       ; On                 ; On                 ;
; Perform WYSIWYG Primitive Resynthesis                                      ; Off                ; Off                ;
; Auto ROM Replacement                                                       ; On                 ; On                 ;
; Auto RAM Replacement                                                       ; On                 ; On                 ;
; Auto Shift Register Replacement                                            ; Auto               ; Auto               ;
; Allow Shift Register Merging across Hierarchies                            ; Auto               ; Auto               ;
; Auto Clock Enable Replacement                                              ; On                 ; On                 ;
; Strict RAM Replacement                                                     ; Off                ; Off                ;
; Allow Synchronous Control Signals                                          ; On                 ; On                 ;
; Force Use of Synchronous Clear Signals                                     ; Off                ; Off                ;
; Auto RAM to Logic Cell Conversion                                          ; Off                ; Off                ;
; Auto Resource Sharing                                                      ; Off                ; Off                ;
; Allow Any RAM Size For Recognition                                         ; Off                ; Off                ;
; Allow Any ROM Size For Recognition                                         ; Off                ; Off                ;
; Allow Any Shift Register Size For Recognition                              ; Off                ; Off                ;
; Use LogicLock Constraints during Resource Balancing                        ; On                 ; On                 ;
; Ignore translate_off and synthesis_off directives                          ; Off                ; Off                ;
; Timing-Driven Synthesis                                                    ; Off                ; Off                ;
; Report Parameter Settings                                                  ; On                 ; On                 ;
; Report Source Assignments                                                  ; On                 ; On                 ;
; Report Connectivity Checks                                                 ; On                 ; On                 ;
; Ignore Maximum Fan-Out Assignments                                         ; Off                ; Off                ;
; Synchronization Register Chain Length                                      ; 2                  ; 2                  ;
; PowerPlay Power Optimization                                               ; Normal compilation ; Normal compilation ;
; HDL message level                                                          ; Level2             ; Level2             ;
; Suppress Register Optimization Related Messages                            ; Off                ; Off                ;
; Number of Removed Registers Reported in Synthesis Report                   ; 5000               ; 5000               ;
; Number of Swept Nodes Reported in Synthesis Report                         ; 5000               ; 5000               ;
; Number of Inverted Registers Reported in Synthesis Report                  ; 100                ; 100                ;
; Clock MUX Protection                                                       ; On                 ; On                 ;
; Auto Gated Clock Conversion                                                ; Off                ; Off                ;
; Block Design Naming                                                        ; Auto               ; Auto               ;
; SDC constraint protection                                                  ; Off                ; Off                ;
; Synthesis Effort                                                           ; Auto               ; Auto               ;
; Shift Register Replacement - Allow Asynchronous Clear Signal               ; On                 ; On                 ;
; Pre-Mapping Resynthesis Optimization                                       ; Off                ; Off                ;
; Analysis & Synthesis Message Level                                         ; Medium             ; Medium             ;
; Disable Register Merging Across Hierarchies                                ; Auto               ; Auto               ;
; Resource Aware Inference For Block RAM                                     ; On                 ; On                 ;
; Synthesis Seed                                                             ; 1                  ; 1                  ;
+----------------------------------------------------------------------------+--------------------+--------------------+


Parallel compilation was disabled, but you have multiple processors available. Enable parallel compilation to reduce compilation time.
+-------------------------------------+
; Parallel Compilation                ;
+----------------------------+--------+
; Processors                 ; Number ;
+----------------------------+--------+
; Number detected on machine ; 8      ;
; Maximum allowed            ; 1      ;
+----------------------------+--------+


+------------------------------------------------------------------------------------------------------------------------------------------------------------------------------------------+
; Analysis & Synthesis Source Files Read                                                                                                                                                   ;
+----------------------------------+-----------------+-----------------+---------------------------------------------------------------------------------------------------------+---------+
; File Name with User-Entered Path ; Used in Netlist ; File Type       ; File Name with Absolute Path                                                                            ; Library ;
+----------------------------------+-----------------+-----------------+---------------------------------------------------------------------------------------------------------+---------+
; UART_RX.vhd                      ; yes             ; User VHDL File  ; C:/Users/amali/OneDrive/Dokumenter/GitHub/Projekt_2/IPRS/InfoPanel/ControlPanel10000/UART_RX.vhd        ;         ;
; lcd_controller.vhd               ; yes             ; User VHDL File  ; C:/Users/amali/OneDrive/Dokumenter/GitHub/Projekt_2/IPRS/InfoPanel/ControlPanel10000/lcd_controller.vhd ;         ;
; Panel.vhd                        ; yes             ; User VHDL File  ; C:/Users/amali/OneDrive/Dokumenter/GitHub/Projekt_2/IPRS/InfoPanel/ControlPanel10000/Panel.vhd          ;         ;
; Panel_tester.vhd                 ; yes             ; User VHDL File  ; C:/Users/amali/OneDrive/Dokumenter/GitHub/Projekt_2/IPRS/InfoPanel/ControlPanel10000/Panel_tester.vhd   ;         ;
+----------------------------------+-----------------+-----------------+---------------------------------------------------------------------------------------------------------+---------+


+--------------------------------------------------------+
; Analysis & Synthesis Resource Usage Summary            ;
+---------------------------------------------+----------+
; Resource                                    ; Usage    ;
+---------------------------------------------+----------+
; Estimated Total logic elements              ; 263      ;
;                                             ;          ;
; Total combinational functions               ; 253      ;
; Logic element usage by number of LUT inputs ;          ;
;     -- 4 input functions                    ; 126      ;
;     -- 3 input functions                    ; 40       ;
;     -- <=2 input functions                  ; 87       ;
;                                             ;          ;
; Logic elements by mode                      ;          ;
;     -- normal mode                          ; 214      ;
;     -- arithmetic mode                      ; 39       ;
;                                             ;          ;
; Total registers                             ; 86       ;
;     -- Dedicated logic registers            ; 86       ;
;     -- I/O registers                        ; 0        ;
;                                             ;          ;
; I/O pins                                    ; 22       ;
; Embedded Multiplier 9-bit elements          ; 0        ;
; Maximum fan-out node                        ; CLOCK_50 ;
; Maximum fan-out                             ; 86       ;
; Total fan-out                               ; 1016     ;
; Average fan-out                             ; 2.81     ;
+---------------------------------------------+----------+


+---------------------------------------------------------------------------------------------------------------------------------------------------------------------------------------------------+
; Analysis & Synthesis Resource Utilization by Entity                                                                                                                                               ;
+----------------------------+-------------------+--------------+-------------+--------------+---------+-----------+------+--------------+-------------------------------------------+--------------+
; Compilation Hierarchy Node ; LC Combinationals ; LC Registers ; Memory Bits ; DSP Elements ; DSP 9x9 ; DSP 18x18 ; Pins ; Virtual Pins ; Full Hierarchy Name                       ; Library Name ;
+----------------------------+-------------------+--------------+-------------+--------------+---------+-----------+------+--------------+-------------------------------------------+--------------+
; |Panel_tester              ; 253 (0)           ; 86 (0)       ; 0           ; 0            ; 0       ; 0         ; 22   ; 0            ; |Panel_tester                             ; work         ;
;    |Panel:p1|              ; 253 (6)           ; 86 (10)      ; 0           ; 0            ; 0       ; 0         ; 0    ; 0            ; |Panel_tester|Panel:p1                    ; work         ;
;       |UART_RX:uart|       ; 49 (49)           ; 28 (28)      ; 0           ; 0            ; 0       ; 0         ; 0    ; 0            ; |Panel_tester|Panel:p1|UART_RX:uart       ; work         ;
;       |lcd_controller:lcd| ; 198 (198)         ; 48 (48)      ; 0           ; 0            ; 0       ; 0         ; 0    ; 0            ; |Panel_tester|Panel:p1|lcd_controller:lcd ; work         ;
+----------------------------+-------------------+--------------+-------------+--------------+---------+-----------+------+--------------+-------------------------------------------+--------------+
Note: For table entries with two numbers listed, the numbers in parentheses indicate the number of resources of the given type used by the specific entity alone. The numbers listed outside of parentheses indicate the total resources of the given type used by the specific entity and all of its sub-entities in the hierarchy.


Encoding Type:  One-Hot
+---------------------------------------------------------------------------------+
; State Machine - |Panel_tester|Panel:p1|lcd_controller:lcd|state                 ;
+------------------+------------+-------------+------------------+----------------+
; Name             ; state.send ; state.ready ; state.initialize ; state.power_up ;
+------------------+------------+-------------+------------------+----------------+
; state.power_up   ; 0          ; 0           ; 0                ; 0              ;
; state.initialize ; 0          ; 0           ; 1                ; 1              ;
; state.ready      ; 0          ; 1           ; 0                ; 1              ;
; state.send       ; 1          ; 0           ; 0                ; 1              ;
+------------------+------------+-------------+------------------+----------------+


Encoding Type:  One-Hot
+---------------------------------------------------------------------------------------------------------------------------------------------------+
; State Machine - |Panel_tester|Panel:p1|UART_RX:uart|r_SM_Main                                                                                     ;
+--------------------------+---------------------+-------------------------+--------------------------+--------------------------+------------------+
; Name                     ; r_SM_Main.s_Cleanup ; r_SM_Main.s_RX_Stop_Bit ; r_SM_Main.s_RX_Data_Bits ; r_SM_Main.s_RX_Start_Bit ; r_SM_Main.s_Idle ;
+--------------------------+---------------------+-------------------------+--------------------------+--------------------------+------------------+
; r_SM_Main.s_Idle         ; 0                   ; 0                       ; 0                        ; 0                        ; 0                ;
; r_SM_Main.s_RX_Start_Bit ; 0                   ; 0                       ; 0                        ; 1                        ; 1                ;
; r_SM_Main.s_RX_Data_Bits ; 0                   ; 0                       ; 1                        ; 0                        ; 1                ;
; r_SM_Main.s_RX_Stop_Bit  ; 0                   ; 1                       ; 0                        ; 0                        ; 1                ;
; r_SM_Main.s_Cleanup      ; 1                   ; 0                       ; 0                        ; 0                        ; 1                ;
+--------------------------+---------------------+-------------------------+--------------------------+--------------------------+------------------+


+--------------------------------------------------------------------------------+
; Registers Removed During Synthesis                                             ;
+---------------------------------------+----------------------------------------+
; Register name                         ; Reason for Removal                     ;
+---------------------------------------+----------------------------------------+
; Panel:p1|lcd_bus[9]                   ; Stuck at VCC due to stuck port data_in ;
; Panel:p1|lcd_bus[8]                   ; Stuck at GND due to stuck port data_in ;
; Panel:p1|lcd_controller:lcd|rw        ; Stuck at GND due to stuck port data_in ;
; Total Number of Removed Registers = 3 ;                                        ;
+---------------------------------------+----------------------------------------+


+------------------------------------------------------------------------------------------+
; Removed Registers Triggering Further Register Optimizations                              ;
+---------------------+---------------------------+----------------------------------------+
; Register name       ; Reason for Removal        ; Registers Removed due to This Register ;
+---------------------+---------------------------+----------------------------------------+
; Panel:p1|lcd_bus[8] ; Stuck at GND              ; Panel:p1|lcd_controller:lcd|rw         ;
;                     ; due to stuck port data_in ;                                        ;
+---------------------+---------------------------+----------------------------------------+


+------------------------------------------------------+
; General Register Statistics                          ;
+----------------------------------------------+-------+
; Statistic                                    ; Value ;
+----------------------------------------------+-------+
; Total registers                              ; 86    ;
; Number of registers using Synchronous Clear  ; 9     ;
; Number of registers using Synchronous Load   ; 0     ;
; Number of registers using Asynchronous Clear ; 2     ;
; Number of registers using Asynchronous Load  ; 0     ;
; Number of registers using Clock Enable       ; 25    ;
; Number of registers using Preset             ; 0     ;
+----------------------------------------------+-------+


+--------------------------------------------------+
; Inverted Register Statistics                     ;
+----------------------------------------+---------+
; Inverted Register                      ; Fan out ;
+----------------------------------------+---------+
; Panel:p1|lcd_controller:lcd|busy       ; 2       ;
; Total number of inverted registers = 1 ;         ;
+----------------------------------------+---------+


+-----------------------------------------------------------------------------------------------------------------------------------------------------------------------+
; Multiplexer Restructuring Statistics (Restructuring Performed)                                                                                                        ;
+--------------------+-----------+---------------+----------------------+------------------------+------------+---------------------------------------------------------+
; Multiplexer Inputs ; Bus Width ; Baseline Area ; Area if Restructured ; Saving if Restructured ; Registered ; Example Multiplexer Output                              ;
+--------------------+-----------+---------------+----------------------+------------------------+------------+---------------------------------------------------------+
; 7:1                ; 9 bits    ; 36 LEs        ; 9 LEs                ; 27 LEs                 ; Yes        ; |Panel_tester|Panel:p1|UART_RX:uart|r_Clk_Count[8]      ;
; 14:1               ; 8 bits    ; 72 LEs        ; 56 LEs               ; 16 LEs                 ; Yes        ; |Panel_tester|Panel:p1|lcd_controller:lcd|lcd_data[2]   ;
; 14:1               ; 31 bits   ; 279 LEs       ; 31 LEs               ; 248 LEs                ; Yes        ; |Panel_tester|Panel:p1|lcd_controller:lcd|clk_count[18] ;
; 3:1                ; 3 bits    ; 6 LEs         ; 6 LEs                ; 0 LEs                  ; No         ; |Panel_tester|Panel:p1|UART_RX:uart|r_Bit_Index         ;
+--------------------+-----------+---------------+----------------------+------------------------+------------+---------------------------------------------------------+


+--------------------------------------------------------------------+
; Parameter Settings for User Entity Instance: Panel:p1|UART_RX:uart ;
+----------------+-------+-------------------------------------------+
; Parameter Name ; Value ; Type                                      ;
+----------------+-------+-------------------------------------------+
; g_clks_per_bit ; 434   ; Signed Integer                            ;
+----------------+-------+-------------------------------------------+
Note: In order to hide this table in the UI and the text report file, please set the "Show Parameter Settings in Synthesis Report" option in "Analysis and Synthesis Settings -> More Settings" to "Off".


+--------------------------------------------------------------------------+
; Parameter Settings for User Entity Instance: Panel:p1|lcd_controller:lcd ;
+----------------+-------+-------------------------------------------------+
; Parameter Name ; Value ; Type                                            ;
+----------------+-------+-------------------------------------------------+
; clk_freq       ; 50    ; Signed Integer                                  ;
; display_lines  ; '1'   ; Enumerated                                      ;
; character_font ; '0'   ; Enumerated                                      ;
; display_on_off ; '1'   ; Enumerated                                      ;
; cursor         ; '0'   ; Enumerated                                      ;
; blink          ; '0'   ; Enumerated                                      ;
; inc_dec        ; '1'   ; Enumerated                                      ;
; shift          ; '0'   ; Enumerated                                      ;
+----------------+-------+-------------------------------------------------+
Note: In order to hide this table in the UI and the text report file, please set the "Show Parameter Settings in Synthesis Report" option in "Analysis and Synthesis Settings -> More Settings" to "Off".


+-------------------------------+
; Elapsed Time Per Partition    ;
+----------------+--------------+
; Partition Name ; Elapsed Time ;
+----------------+--------------+
; Top            ; 00:00:00     ;
+----------------+--------------+


+-------------------------------+
; Analysis & Synthesis Messages ;
+-------------------------------+
Info: *******************************************************************
Info: Running Quartus II 64-Bit Analysis & Synthesis
    Info: Version 13.0.1 Build 232 06/12/2013 Service Pack 1 SJ Web Edition
    Info: Processing started: Mon May 15 10:55:35 2023
Info: Command: quartus_map --read_settings_files=on --write_settings_files=off ControlPanel10000 -c Panel
Warning (292000): FLEXlm software error: Future license file format or misspelling in license file.  The file was issued for a later version of FLEXnet Licensing than this  program understands. Feature:       quartus License text:  ONE_TS_OK SIGN="1663 4B7E 24C2 0965 72A2 AD41 3EA4 999C 1CCF 4002 7004 4171 F4EF 834F A45F 0BD3 FE8C 4E78 AAEB 54D8 6544 D576 C23F FBE4 9E21 9E48 B404 3494 5104 00F9" License path:  C:\Program Files\StruSoft\FEM-Design 21 Educational\license.lic FLEXnet Licensing error:-90,313 For further information, refer to the FLEXnet Licensing End User Guide, available at "www.macrovision.com".
Warning (292000): FLEXlm software error: Future license file format or misspelling in license file.  The file was issued for a later version of FLEXnet Licensing than this  program understands. Feature:       quartus_talkback License text:  ONE_TS_OK SIGN="1663 4B7E 24C2 0965 72A2 AD41 3EA4 999C 1CCF 4002 7004 4171 F4EF 834F A45F 0BD3 FE8C 4E78 AAEB 54D8 6544 D576 C23F FBE4 9E21 9E48 B404 3494 5104 00F9" License path:  C:\Program Files\StruSoft\FEM-Design 21 Educational\license.lic FLEXnet Licensing error:-90,313 For further information, refer to the FLEXnet Licensing End User Guide, available at "www.macrovision.com".
Warning (20028): Parallel compilation is not licensed and has been disabled
Info (12021): Found 0 design units, including 0 entities, in source file uart_tx.vhd
Info (12021): Found 2 design units, including 1 entities, in source file uart_rx.vhd
    Info (12022): Found design unit 1: UART_RX-rtl
    Info (12023): Found entity 1: UART_RX
Info (12021): Found 2 design units, including 1 entities, in source file lcd_controller.vhd
    Info (12022): Found design unit 1: lcd_controller-controller
    Info (12023): Found entity 1: lcd_controller
Info (12021): Found 2 design units, including 1 entities, in source file panel.vhd
    Info (12022): Found design unit 1: Panel-Panel_impl
    Info (12023): Found entity 1: Panel
Info (12021): Found 2 design units, including 1 entities, in source file panel_tester.vhd
    Info (12022): Found design unit 1: Panel_tester-rtl
    Info (12023): Found entity 1: Panel_tester
Info (12127): Elaborating entity "Panel_tester" for the top level hierarchy
Info (12128): Elaborating entity "Panel" for hierarchy "Panel:p1"
Warning (10492): VHDL Process Statement warning at Panel.vhd(101): signal "RX_data" is read inside the Process Statement but isn't in the Process Statement's sensitivity list
Warning (10492): VHDL Process Statement warning at Panel.vhd(111): signal "RX_data" is read inside the Process Statement but isn't in the Process Statement's sensitivity list
Info (12128): Elaborating entity "UART_RX" for hierarchy "Panel:p1|UART_RX:uart"
Info (12128): Elaborating entity "lcd_controller" for hierarchy "Panel:p1|lcd_controller:lcd"
Warning (13024): Output pins are stuck at VCC or GND
    Warning (13410): Pin "LCD_RW" is stuck at GND
Info (16010): Generating hard_block partition "hard_block:auto_generated_inst"
    Info (16011): Adding 0 node(s), including 0 DDIO, 0 PLL, 0 transceiver and 0 LCELL
Warning (21074): Design contains 6 input pin(s) that do not drive logic
    Warning (15610): No output dependent on input pin "KEY[1]"
    Warning (15610): No output dependent on input pin "KEY[2]"
    Warning (15610): No output dependent on input pin "SW[0]"
    Warning (15610): No output dependent on input pin "SW[1]"
    Warning (15610): No output dependent on input pin "SW[2]"
    Warning (15610): No output dependent on input pin "SW[3]"
Info (21057): Implemented 287 device resources after synthesis - the final resource count might be different
    Info (21058): Implemented 9 input pins
    Info (21059): Implemented 13 output pins
    Info (21061): Implemented 265 logic cells
Info: Quartus II 64-Bit Analysis & Synthesis was successful. 0 errors, 28 warnings
    Info: Peak virtual memory: 4642 megabytes
    Info: Processing ended: Mon May 15 10:55:37 2023
    Info: Elapsed time: 00:00:02
    Info: Total CPU time (on all processors): 00:00:02


