Assembler report for Panel
<<<<<<< HEAD
Wed May 10 12:52:22 2023
=======
Wed May 10 12:28:34 2023
>>>>>>> bf3acce41f2fc33fa6f425499950e92ee5b29b1e
Quartus II 64-Bit Version 13.0.1 Build 232 06/12/2013 Service Pack 1 SJ Web Edition


---------------------
; Table of Contents ;
---------------------
  1. Legal Notice
  2. Assembler Summary
  3. Assembler Settings
  4. Assembler Generated Files
<<<<<<< HEAD
  5. Assembler Device Options: C:/Users/amali/OneDrive/Dokumenter/GitHub/Projekt_2/IPRS/InfoPanel/ControlPanel10000/output_files/Panel.sof
  6. Assembler Device Options: C:/Users/amali/OneDrive/Dokumenter/GitHub/Projekt_2/IPRS/InfoPanel/ControlPanel10000/output_files/Panel.pof
=======
  5. Assembler Device Options: C:/Users/manni/OneDrive - Aarhus universitet/2. Semester/projekt/Git/Projekt_2/IPRS/InfoPanel/ControlPanel10000/output_files/Panel.sof
  6. Assembler Device Options: C:/Users/manni/OneDrive - Aarhus universitet/2. Semester/projekt/Git/Projekt_2/IPRS/InfoPanel/ControlPanel10000/output_files/Panel.pof
>>>>>>> bf3acce41f2fc33fa6f425499950e92ee5b29b1e
  7. Assembler Messages



----------------
; Legal Notice ;
----------------
Copyright (C) 1991-2013 Altera Corporation
Your use of Altera Corporation's design tools, logic functions 
and other software and tools, and its AMPP partner logic 
functions, and any output files from any of the foregoing 
(including device programming or simulation files), and any 
associated documentation or information are expressly subject 
to the terms and conditions of the Altera Program License 
Subscription Agreement, Altera MegaCore Function License 
Agreement, or other applicable license agreement, including, 
without limitation, that your use is for the sole purpose of 
programming logic devices manufactured by Altera and sold by 
Altera or its authorized distributors.  Please refer to the 
applicable agreement for further details.



+---------------------------------------------------------------+
; Assembler Summary                                             ;
+-----------------------+---------------------------------------+
<<<<<<< HEAD
; Assembler Status      ; Successful - Wed May 10 12:52:22 2023 ;
=======
; Assembler Status      ; Successful - Wed May 10 12:28:34 2023 ;
>>>>>>> bf3acce41f2fc33fa6f425499950e92ee5b29b1e
; Revision Name         ; Panel                                 ;
; Top-level Entity Name ; Panel                                 ;
; Family                ; Cyclone II                            ;
; Device                ; EP2C35F672C6                          ;
+-----------------------+---------------------------------------+


+--------------------------------------------------------------------------------------------------------+
; Assembler Settings                                                                                     ;
+-----------------------------------------------------------------------------+----------+---------------+
; Option                                                                      ; Setting  ; Default Value ;
+-----------------------------------------------------------------------------+----------+---------------+
; Use smart compilation                                                       ; Off      ; Off           ;
; Enable parallel Assembler and TimeQuest Timing Analyzer during compilation  ; On       ; On            ;
; Enable compact report table                                                 ; Off      ; Off           ;
; Generate compressed bitstreams                                              ; On       ; On            ;
; Compression mode                                                            ; Off      ; Off           ;
; Clock source for configuration device                                       ; Internal ; Internal      ;
; Clock frequency of the configuration device                                 ; 10 MHZ   ; 10 MHz        ;
; Divide clock frequency by                                                   ; 1        ; 1             ;
; Auto user code                                                              ; On       ; On            ;
; Use configuration device                                                    ; On       ; On            ;
; Configuration device                                                        ; Auto     ; Auto          ;
; Configuration device auto user code                                         ; Off      ; Off           ;
; Generate Tabular Text File (.ttf) For Target Device                         ; Off      ; Off           ;
; Generate Raw Binary File (.rbf) For Target Device                           ; Off      ; Off           ;
; Generate Hexadecimal (Intel-Format) Output File (.hexout) for Target Device ; Off      ; Off           ;
; Hexadecimal Output File start address                                       ; 0        ; 0             ;
; Hexadecimal Output File count direction                                     ; Up       ; Up            ;
; Release clears before tri-states                                            ; Off      ; Off           ;
; Auto-restart configuration after error                                      ; On       ; On            ;
; Maintain Compatibility with All Cyclone II M4K Versions                     ; On       ; On            ;
; Generate Serial Vector Format File (.svf) for Target Device                 ; Off      ; Off           ;
; Generate a JEDEC STAPL Format File (.jam) for Target Device                 ; Off      ; Off           ;
; Generate a compressed Jam STAPL Byte Code 2.0 File (.jbc) for Target Device ; Off      ; Off           ;
; Generate a compressed Jam STAPL Byte Code 2.0 File (.jbc) for Target Device ; On       ; On            ;
+-----------------------------------------------------------------------------+----------+---------------+


<<<<<<< HEAD
+-------------------------------------------------------------------------------------------------------------+
; Assembler Generated Files                                                                                   ;
+-------------------------------------------------------------------------------------------------------------+
; File Name                                                                                                   ;
+-------------------------------------------------------------------------------------------------------------+
; C:/Users/amali/OneDrive/Dokumenter/GitHub/Projekt_2/IPRS/InfoPanel/ControlPanel10000/output_files/Panel.sof ;
; C:/Users/amali/OneDrive/Dokumenter/GitHub/Projekt_2/IPRS/InfoPanel/ControlPanel10000/output_files/Panel.pof ;
+-------------------------------------------------------------------------------------------------------------+


+---------------------------------------------------------------------------------------------------------------------------------------+
; Assembler Device Options: C:/Users/amali/OneDrive/Dokumenter/GitHub/Projekt_2/IPRS/InfoPanel/ControlPanel10000/output_files/Panel.sof ;
+----------------+----------------------------------------------------------------------------------------------------------------------+
; Option         ; Setting                                                                                                              ;
+----------------+----------------------------------------------------------------------------------------------------------------------+
; Device         ; EP2C35F672C6                                                                                                         ;
; JTAG usercode  ; 0x00326F36                                                                                                           ;
; Checksum       ; 0x00326F36                                                                                                           ;
+----------------+----------------------------------------------------------------------------------------------------------------------+


+---------------------------------------------------------------------------------------------------------------------------------------+
; Assembler Device Options: C:/Users/amali/OneDrive/Dokumenter/GitHub/Projekt_2/IPRS/InfoPanel/ControlPanel10000/output_files/Panel.pof ;
+--------------------+------------------------------------------------------------------------------------------------------------------+
; Option             ; Setting                                                                                                          ;
+--------------------+------------------------------------------------------------------------------------------------------------------+
; Device             ; EPCS16                                                                                                           ;
; JTAG usercode      ; 0x00000000                                                                                                       ;
; Checksum           ; 0x1C7065BB                                                                                                       ;
; Compression Ratio  ; 3                                                                                                                ;
+--------------------+------------------------------------------------------------------------------------------------------------------+
=======
+----------------------------------------------------------------------------------------------------------------------------------------+
; Assembler Generated Files                                                                                                              ;
+----------------------------------------------------------------------------------------------------------------------------------------+
; File Name                                                                                                                              ;
+----------------------------------------------------------------------------------------------------------------------------------------+
; C:/Users/manni/OneDrive - Aarhus universitet/2. Semester/projekt/Git/Projekt_2/IPRS/InfoPanel/ControlPanel10000/output_files/Panel.sof ;
; C:/Users/manni/OneDrive - Aarhus universitet/2. Semester/projekt/Git/Projekt_2/IPRS/InfoPanel/ControlPanel10000/output_files/Panel.pof ;
+----------------------------------------------------------------------------------------------------------------------------------------+


+------------------------------------------------------------------------------------------------------------------------------------------------------------------+
; Assembler Device Options: C:/Users/manni/OneDrive - Aarhus universitet/2. Semester/projekt/Git/Projekt_2/IPRS/InfoPanel/ControlPanel10000/output_files/Panel.sof ;
+----------------+-------------------------------------------------------------------------------------------------------------------------------------------------+
; Option         ; Setting                                                                                                                                         ;
+----------------+-------------------------------------------------------------------------------------------------------------------------------------------------+
; Device         ; EP2C35F672C6                                                                                                                                    ;
; JTAG usercode  ; 0x00327979                                                                                                                                      ;
; Checksum       ; 0x00327979                                                                                                                                      ;
+----------------+-------------------------------------------------------------------------------------------------------------------------------------------------+


+------------------------------------------------------------------------------------------------------------------------------------------------------------------+
; Assembler Device Options: C:/Users/manni/OneDrive - Aarhus universitet/2. Semester/projekt/Git/Projekt_2/IPRS/InfoPanel/ControlPanel10000/output_files/Panel.pof ;
+--------------------+---------------------------------------------------------------------------------------------------------------------------------------------+
; Option             ; Setting                                                                                                                                     ;
+--------------------+---------------------------------------------------------------------------------------------------------------------------------------------+
; Device             ; EPCS16                                                                                                                                      ;
; JTAG usercode      ; 0x00000000                                                                                                                                  ;
; Checksum           ; 0x1C70200F                                                                                                                                  ;
; Compression Ratio  ; 3                                                                                                                                           ;
+--------------------+---------------------------------------------------------------------------------------------------------------------------------------------+
>>>>>>> bf3acce41f2fc33fa6f425499950e92ee5b29b1e


+--------------------+
; Assembler Messages ;
+--------------------+
Info: *******************************************************************
Info: Running Quartus II 64-Bit Assembler
    Info: Version 13.0.1 Build 232 06/12/2013 Service Pack 1 SJ Web Edition
<<<<<<< HEAD
    Info: Processing started: Wed May 10 12:52:21 2023
Info: Command: quartus_asm --read_settings_files=off --write_settings_files=off ControlPanel10000 -c Panel
Warning (292000): FLEXlm software error: Future license file format or misspelling in license file.  The file was issued for a later version of FLEXnet Licensing than this  program understands. Feature:       quartus License text:  ONE_TS_OK SIGN="1663 4B7E 24C2 0965 72A2 AD41 3EA4 999C 1CCF 4002 7004 4171 F4EF 834F A45F 0BD3 FE8C 4E78 AAEB 54D8 6544 D576 C23F FBE4 9E21 9E48 B404 3494 5104 00F9" License path:  C:\Program Files\StruSoft\FEM-Design 21 Educational\license.lic FLEXnet Licensing error:-90,313 For further information, refer to the FLEXnet Licensing End User Guide, available at "www.macrovision.com".
Warning (292000): FLEXlm software error: Future license file format or misspelling in license file.  The file was issued for a later version of FLEXnet Licensing than this  program understands. Feature:       quartus_talkback License text:  ONE_TS_OK SIGN="1663 4B7E 24C2 0965 72A2 AD41 3EA4 999C 1CCF 4002 7004 4171 F4EF 834F A45F 0BD3 FE8C 4E78 AAEB 54D8 6544 D576 C23F FBE4 9E21 9E48 B404 3494 5104 00F9" License path:  C:\Program Files\StruSoft\FEM-Design 21 Educational\license.lic FLEXnet Licensing error:-90,313 For further information, refer to the FLEXnet Licensing End User Guide, available at "www.macrovision.com".
Info (115031): Writing out detailed assembly data for power analysis
Info (115030): Assembler is generating device programming files
Info: Quartus II 64-Bit Assembler was successful. 0 errors, 16 warnings
    Info: Peak virtual memory: 4559 megabytes
    Info: Processing ended: Wed May 10 12:52:22 2023
    Info: Elapsed time: 00:00:01
    Info: Total CPU time (on all processors): 00:00:02
=======
    Info: Processing started: Wed May 10 12:28:29 2023
Info: Command: quartus_asm --read_settings_files=off --write_settings_files=off ControlPanel10000 -c Panel
Info (115031): Writing out detailed assembly data for power analysis
Info (115030): Assembler is generating device programming files
Info: Quartus II 64-Bit Assembler was successful. 0 errors, 0 warnings
    Info: Peak virtual memory: 4559 megabytes
    Info: Processing ended: Wed May 10 12:28:34 2023
    Info: Elapsed time: 00:00:05
    Info: Total CPU time (on all processors): 00:00:03
>>>>>>> bf3acce41f2fc33fa6f425499950e92ee5b29b1e


