Flow report for Panel
<<<<<<< HEAD
Wed May 10 12:52:24 2023
=======
Wed May 10 13:19:45 2023
>>>>>>> bf3acce41f2fc33fa6f425499950e92ee5b29b1e
Quartus II 64-Bit Version 13.0.1 Build 232 06/12/2013 Service Pack 1 SJ Web Edition


---------------------
; Table of Contents ;
---------------------
  1. Legal Notice
  2. Flow Summary
  3. Flow Settings
  4. Flow Non-Default Global Settings
  5. Flow Elapsed Time
  6. Flow OS Summary
  7. Flow Log
  8. Flow Messages
  9. Flow Suppressed Messages



----------------
; Legal Notice ;
----------------
Copyright (C) 1991-2013 Altera Corporation
Your use of Altera Corporation's design tools, logic functions 
and other software and tools, and its AMPP partner logic 
functions, and any output files from any of the foregoing 
(including device programming or simulation files), and any 
associated documentation or information are expressly subject 
to the terms and conditions of the Altera Program License 
Subscription Agreement, Altera MegaCore Function License 
Agreement, or other applicable license agreement, including, 
without limitation, that your use is for the sole purpose of 
programming logic devices manufactured by Altera and sold by 
Altera or its authorized distributors.  Please refer to the 
applicable agreement for further details.



+--------------------------------------------------------------------------------------+
; Flow Summary                                                                         ;
+------------------------------------+-------------------------------------------------+
<<<<<<< HEAD
; Flow Status                        ; Successful - Wed May 10 12:52:22 2023           ;
=======
; Flow Status                        ; Successful - Wed May 10 13:19:45 2023           ;
>>>>>>> bf3acce41f2fc33fa6f425499950e92ee5b29b1e
; Quartus II 64-Bit Version          ; 13.0.1 Build 232 06/12/2013 SP 1 SJ Web Edition ;
; Revision Name                      ; Panel                                           ;
; Top-level Entity Name              ; Panel                                           ;
; Family                             ; Cyclone II                                      ;
; Device                             ; EP2C35F672C6                                    ;
; Timing Models                      ; Final                                           ;
<<<<<<< HEAD
; Total logic elements               ; 265 / 33,216 ( < 1 % )                          ;
;     Total combinational functions  ; 264 / 33,216 ( < 1 % )                          ;
;     Dedicated logic registers      ; 77 / 33,216 ( < 1 % )                           ;
; Total registers                    ; 77                                              ;
; Total pins                         ; 22 / 475 ( 5 % )                                ;
; Total virtual pins                 ; 0                                               ;
; Total memory bits                  ; 0 / 483,840 ( 0 % )                             ;
; Embedded Multiplier 9-bit elements ; 0 / 70 ( 0 % )                                  ;
; Total PLLs                         ; 0 / 4 ( 0 % )                                   ;
=======
; Total logic elements               ; 266                                             ;
;     Total combinational functions  ; 264                                             ;
;     Dedicated logic registers      ; 77                                              ;
; Total registers                    ; 77                                              ;
; Total pins                         ; 22                                              ;
; Total virtual pins                 ; 0                                               ;
; Total memory bits                  ; 0                                               ;
; Embedded Multiplier 9-bit elements ; 0                                               ;
; Total PLLs                         ; 0                                               ;
>>>>>>> bf3acce41f2fc33fa6f425499950e92ee5b29b1e
+------------------------------------+-------------------------------------------------+


+-----------------------------------------+
; Flow Settings                           ;
+-------------------+---------------------+
; Option            ; Setting             ;
+-------------------+---------------------+
<<<<<<< HEAD
; Start date & time ; 05/10/2023 12:52:11 ;
=======
; Start date & time ; 05/10/2023 13:19:40 ;
>>>>>>> bf3acce41f2fc33fa6f425499950e92ee5b29b1e
; Main task         ; Compilation         ;
; Revision Name     ; Panel               ;
+-------------------+---------------------+


+------------------------------------------------------------------------------------------------------------------+
; Flow Non-Default Global Settings                                                                                 ;
+-------------------------------------+---------------------------------+---------------+-------------+------------+
; Assignment Name                     ; Value                           ; Default Value ; Entity Name ; Section Id ;
+-------------------------------------+---------------------------------+---------------+-------------+------------+
<<<<<<< HEAD
; COMPILER_SIGNATURE_ID               ; 242895769307442.168371593128092 ; --            ; --          ; --         ;
=======
; COMPILER_SIGNATURE_ID               ; 128472102255854.168371758018940 ; --            ; --          ; --         ;
>>>>>>> bf3acce41f2fc33fa6f425499950e92ee5b29b1e
; MAX_CORE_JUNCTION_TEMP              ; 85                              ; --            ; --          ; --         ;
; MIN_CORE_JUNCTION_TEMP              ; 0                               ; --            ; --          ; --         ;
; PARTITION_COLOR                     ; 16764057                        ; --            ; --          ; Top        ;
; PARTITION_FITTER_PRESERVATION_LEVEL ; PLACEMENT_AND_ROUTING           ; --            ; --          ; Top        ;
; PARTITION_NETLIST_TYPE              ; SOURCE                          ; --            ; --          ; Top        ;
; PROJECT_OUTPUT_DIRECTORY            ; output_files                    ; --            ; --          ; --         ;
+-------------------------------------+---------------------------------+---------------+-------------+------------+


<<<<<<< HEAD
+-------------------------------------------------------------------------------------------------------------------------------+
; Flow Elapsed Time                                                                                                             ;
+---------------------------+--------------+-------------------------+---------------------+------------------------------------+
; Module Name               ; Elapsed Time ; Average Processors Used ; Peak Virtual Memory ; Total CPU Time (on all processors) ;
+---------------------------+--------------+-------------------------+---------------------+------------------------------------+
; Analysis & Synthesis      ; 00:00:02     ; 1.0                     ; 4638 MB             ; 00:00:02                           ;
; Fitter                    ; 00:00:06     ; 1.0                     ; 4873 MB             ; 00:00:06                           ;
; Assembler                 ; 00:00:01     ; 1.0                     ; 4559 MB             ; 00:00:02                           ;
; TimeQuest Timing Analyzer ; 00:00:01     ; 1.0                     ; 4540 MB             ; 00:00:01                           ;
; Total                     ; 00:00:10     ; --                      ; --                  ; 00:00:11                           ;
+---------------------------+--------------+-------------------------+---------------------+------------------------------------+


+----------------------------------------------------------------------------------------+
; Flow OS Summary                                                                        ;
+---------------------------+------------------+-----------+------------+----------------+
; Module Name               ; Machine Hostname ; OS Name   ; OS Version ; Processor type ;
+---------------------------+------------------+-----------+------------+----------------+
; Analysis & Synthesis      ; DESKTOP-CM8RNA5  ; Windows 7 ; 6.2        ; x86_64         ;
; Fitter                    ; DESKTOP-CM8RNA5  ; Windows 7 ; 6.2        ; x86_64         ;
; Assembler                 ; DESKTOP-CM8RNA5  ; Windows 7 ; 6.2        ; x86_64         ;
; TimeQuest Timing Analyzer ; DESKTOP-CM8RNA5  ; Windows 7 ; 6.2        ; x86_64         ;
+---------------------------+------------------+-----------+------------+----------------+
=======
+--------------------------------------------------------------------------------------------------------------------------+
; Flow Elapsed Time                                                                                                        ;
+----------------------+--------------+-------------------------+---------------------+------------------------------------+
; Module Name          ; Elapsed Time ; Average Processors Used ; Peak Virtual Memory ; Total CPU Time (on all processors) ;
+----------------------+--------------+-------------------------+---------------------+------------------------------------+
; Analysis & Synthesis ; 00:00:05     ; 1.0                     ; 4639 MB             ; 00:00:03                           ;
; Total                ; 00:00:05     ; --                      ; --                  ; 00:00:03                           ;
+----------------------+--------------+-------------------------+---------------------+------------------------------------+


+-----------------------------------------------------------------------------------+
; Flow OS Summary                                                                   ;
+----------------------+------------------+-----------+------------+----------------+
; Module Name          ; Machine Hostname ; OS Name   ; OS Version ; Processor type ;
+----------------------+------------------+-----------+------------+----------------+
; Analysis & Synthesis ; LAPTOP-SADBS1N4  ; Windows 7 ; 6.2        ; x86_64         ;
+----------------------+------------------+-----------+------------+----------------+
>>>>>>> bf3acce41f2fc33fa6f425499950e92ee5b29b1e


------------
; Flow Log ;
------------
quartus_map --read_settings_files=on --write_settings_files=off ControlPanel10000 -c Panel
<<<<<<< HEAD
quartus_fit --read_settings_files=off --write_settings_files=off ControlPanel10000 -c Panel
quartus_asm --read_settings_files=off --write_settings_files=off ControlPanel10000 -c Panel
quartus_sta ControlPanel10000 -c Panel
=======
>>>>>>> bf3acce41f2fc33fa6f425499950e92ee5b29b1e



